<?xml version="1.0" encoding="UTF-8"?>
<!-- Generated by org.testng.reporters.JUnitReportReporter -->
<testsuite hostname="Swapnil" failures="0" tests="1" name="Academy.ValidateNavigationBar" time="0.047" errors="0" timestamp="2022-04-22T22:10:00 EDT" skipped="0">
  <testcase classname="Academy.ValidateNavigationBar" name="basePagenavigation" time="0.047"/>
  <system-out/>
</testsuite> <!-- Academy.ValidateNavigationBar -->
