<?xml version="1.0" encoding="UTF-8"?>
<!-- Generated by org.testng.reporters.JUnitReportReporter -->
<testsuite hostname="Swapnil" failures="0" tests="1" name="Academy.ValidateTitle" time="0.038" errors="0" timestamp="2022-04-22T22:10:00 EDT" skipped="0">
  <testcase classname="Academy.ValidateTitle" name="validateAppTitle" time="0.038"/>
  <system-out/>
</testsuite> <!-- Academy.ValidateTitle -->
