<?xml version="1.0" encoding="UTF-8"?>
<!-- Generated by org.testng.reporters.JUnitReportReporter -->
<testsuite hostname="Swapnil" failures="0" tests="1" name="Academy.ValidateTitle" time="0.098" errors="0" timestamp="2023-04-08T01:48:01 EDT" skipped="0">
  <testcase classname="Academy.ValidateTitle" name="validateAppTitle" time="0.098"/>
  <system-out/>
</testsuite> <!-- Academy.ValidateTitle -->
