<?xml version="1.0" encoding="UTF-8"?>
<!-- Generated by org.testng.reporters.JUnitReportReporter -->
<testsuite hostname="Swapnil" failures="0" tests="1" name="Academy.ValidateTitle" time="0.018" errors="0" timestamp="2022-04-16T02:15:34 EDT" skipped="0">
  <testcase classname="Academy.ValidateTitle" name="validateAppTitle" time="0.018"/>
  <system-out/>
</testsuite> <!-- Academy.ValidateTitle -->
