<?xml version="1.0" encoding="UTF-8"?>
<!-- Generated by org.testng.reporters.JUnitReportReporter -->
<testsuite hostname="Swapnil" failures="0" tests="1" name="Academy.AppTest" time="0.004" errors="0" timestamp="2022-04-13T18:27:41 EDT" skipped="0">
  <testcase classname="Academy.AppTest" name="shouldAnswerWithTrue" time="0.004"/>
  <system-out/>
</testsuite> <!-- Academy.AppTest -->
