<?xml version="1.0" encoding="UTF-8"?>
<!-- Generated by org.testng.reporters.JUnitReportReporter -->
<testsuite hostname="Swapnil" failures="0" tests="2" name="Academy.HomePage" time="18.040" errors="0" timestamp="2022-04-16T02:15:34 EDT" skipped="0">
  <testcase classname="Academy.HomePage" name="basePagenavigation" time="9.683"/>
  <system-out/>
  <testcase classname="Academy.HomePage" name="basePagenavigation" time="8.357"/>
  <system-out/>
</testsuite> <!-- Academy.HomePage -->
