<?xml version="1.0" encoding="UTF-8"?>
<!-- Generated by org.testng.reporters.JUnitReportReporter -->
<testsuite hostname="Swapnil" failures="0" tests="1" name="Academy.ValidateNavigationBar" time="0.028" errors="0" timestamp="2022-04-16T02:15:34 EDT" skipped="0">
  <testcase classname="Academy.ValidateNavigationBar" name="basePagenavigation" time="0.028"/>
  <system-out/>
</testsuite> <!-- Academy.ValidateNavigationBar -->
